This is pdfTeX, Version 3.141592653-2.6-1.40.22 (TeX Live 2021/W32TeX) (preloaded format=pdflatex 2022.3.8)  5 DEC 2022 09:56
entering extended mode
 restricted \write18 enabled.
 file:line:error style messages enabled.
 %&-line parsing enabled.
**pj5
(./pj5.tex
LaTeX2e <2020-10-01> patch level 4
L3 programming layer <2021-02-18> (c:/texlive/2021/texmf-dist/tex/latex/base/article.cls
Document Class: article 2020/04/10 v1.4m Standard LaTeX document class
(c:/texlive/2021/texmf-dist/tex/latex/base/size12.clo
File: size12.clo 2020/04/10 v1.4m Standard LaTeX file (size option)
)
\c@part=\count179
\c@section=\count180
\c@subsection=\count181
\c@subsubsection=\count182
\c@paragraph=\count183
\c@subparagraph=\count184
\c@figure=\count185
\c@table=\count186
\abovecaptionskip=\skip47
\belowcaptionskip=\skip48
\bibindent=\dimen138
) (c:/texlive/2021/texmf-dist/tex/latex/base/inputenc.sty
Package: inputenc 2020/08/01 v1.3d Input encoding file
\inpenc@prehook=\toks15
\inpenc@posthook=\toks16
) (c:/texlive/2021/texmf-dist/tex/latex/ctex/ctex.sty (c:/texlive/2021/texmf-dist/tex/latex/l3kernel/expl3.sty
Package: expl3 2021-02-18 L3 programming layer (loader) 
 (c:/texlive/2021/texmf-dist/tex/latex/l3backend/l3backend-pdftex.def
File: l3backend-pdftex.def 2021-03-18 L3 backend support: PDF output (pdfTeX)
\l__color_backend_stack_int=\count187
\l__pdf_internal_box=\box47
))
Package: ctex 2021/03/14 v2.5.6 Chinese adapter in LaTeX (CTEX)
 (c:/texlive/2021/texmf-dist/tex/latex/l3packages/xparse/xparse.sty (c:/texlive/2021/texmf-dist/tex/latex/l3packages/xparse/xparse-2020-10-01.sty (c:/texlive/2021/texmf-dist/tex/latex/l3packages/xparse/xparse-generic.tex))) (c:/texlive/2021/texmf-dist/tex/latex/l3packages/l3keys2e/l3keys2e.sty
Package: l3keys2e 2021-03-12 LaTeX2e option processing using LaTeX3 keys
) (c:/texlive/2021/texmf-dist/tex/latex/ctex/ctexhook.sty
Package: ctexhook 2021/03/14 v2.5.6 Document and package hooks (CTEX)
) (c:/texlive/2021/texmf-dist/tex/latex/ctex/ctexpatch.sty
Package: ctexpatch 2021/03/14 v2.5.6 Patching commands (CTEX)
) (c:/texlive/2021/texmf-dist/tex/latex/base/fix-cm.sty
Package: fix-cm 2015/01/14 v1.1t fixes to LaTeX
 (c:/texlive/2021/texmf-dist/tex/latex/base/ts1enc.def
File: ts1enc.def 2001/06/05 v3.0e (jk/car/fm) Standard LaTeX file
LaTeX Font Info:    Redeclaring font encoding TS1 on input line 47.
)) (c:/texlive/2021/texmf-dist/tex/latex/everysel/everysel.sty
Package: everysel 2021/01/20 v2.1 EverySelectfont Package (MS)
 (c:/texlive/2021/texmf-dist/tex/latex/everysel/everysel-2011-10-28.sty))
\l__ctex_tmp_int=\count188
\l__ctex_tmp_box=\box48
\l__ctex_tmp_dim=\dimen139
\g__ctex_section_depth_int=\count189
\g__ctex_font_size_int=\count190
 (c:/texlive/2021/texmf-dist/tex/latex/ctex/config/ctexopts.cfg
File: ctexopts.cfg 2021/03/14 v2.5.6 Option configuration file (CTEX)
) (c:/texlive/2021/texmf-dist/tex/latex/ctex/engine/ctex-engine-pdftex.def
File: ctex-engine-pdftex.def 2021/03/14 v2.5.6 (pdf)LaTeX adapter (CTEX)
 (c:/texlive/2021/texmf-dist/tex/latex/cjk/texinput/CJKutf8.sty
Package: CJKutf8 2015/04/18 4.8.4
 (c:/texlive/2021/texmf-dist/tex/generic/iftex/ifpdf.sty
Package: ifpdf 2019/10/25 v3.4 ifpdf legacy package. Use iftex instead.
 (c:/texlive/2021/texmf-dist/tex/generic/iftex/iftex.sty
Package: iftex 2020/03/06 v1.0d TeX engine tests
)) (c:/texlive/2021/texmf-dist/tex/latex/cjk/texinput/CJK.sty
Package: CJK 2015/04/18 4.8.4
 (c:/texlive/2021/texmf-dist/tex/latex/cjk/texinput/mule/MULEenc.sty
Package: MULEenc 2015/04/18 4.8.4
) (c:/texlive/2021/texmf-dist/tex/latex/cjk/texinput/CJK.enc
File: CJK.enc 2015/04/18 4.8.4
Now handling font encoding C00 ...
... no UTF-8 mapping file for font encoding C00
Now handling font encoding C05 ...
... no UTF-8 mapping file for font encoding C05
Now handling font encoding C09 ...
... no UTF-8 mapping file for font encoding C09
Now handling font encoding C10 ...
... no UTF-8 mapping file for font encoding C10
Now handling font encoding C20 ...
... no UTF-8 mapping file for font encoding C20
Now handling font encoding C19 ...
... no UTF-8 mapping file for font encoding C19
Now handling font encoding C40 ...
... no UTF-8 mapping file for font encoding C40
Now handling font encoding C42 ...
... no UTF-8 mapping file for font encoding C42
Now handling font encoding C43 ...
... no UTF-8 mapping file for font encoding C43
Now handling font encoding C50 ...
... no UTF-8 mapping file for font encoding C50
Now handling font encoding C52 ...
... no UTF-8 mapping file for font encoding C52
Now handling font encoding C49 ...
... no UTF-8 mapping file for font encoding C49
Now handling font encoding C60 ...
... no UTF-8 mapping file for font encoding C60
Now handling font encoding C61 ...
... no UTF-8 mapping file for font encoding C61
Now handling font encoding C63 ...
... no UTF-8 mapping file for font encoding C63
Now handling font encoding C64 ...
... no UTF-8 mapping file for font encoding C64
Now handling font encoding C65 ...
... no UTF-8 mapping file for font encoding C65
Now handling font encoding C70 ...
... no UTF-8 mapping file for font encoding C70
Now handling font encoding C31 ...
... no UTF-8 mapping file for font encoding C31
Now handling font encoding C32 ...
... no UTF-8 mapping file for font encoding C32
Now handling font encoding C33 ...
... no UTF-8 mapping file for font encoding C33
Now handling font encoding C34 ...
... no UTF-8 mapping file for font encoding C34
Now handling font encoding C35 ...
... no UTF-8 mapping file for font encoding C35
Now handling font encoding C36 ...
... no UTF-8 mapping file for font encoding C36
Now handling font encoding C37 ...
... no UTF-8 mapping file for font encoding C37
Now handling font encoding C80 ...
... no UTF-8 mapping file for font encoding C80
Now handling font encoding C81 ...
... no UTF-8 mapping file for font encoding C81
Now handling font encoding C01 ...
... no UTF-8 mapping file for font encoding C01
Now handling font encoding C11 ...
... no UTF-8 mapping file for font encoding C11
Now handling font encoding C21 ...
... no UTF-8 mapping file for font encoding C21
Now handling font encoding C41 ...
... no UTF-8 mapping file for font encoding C41
Now handling font encoding C62 ...
... no UTF-8 mapping file for font encoding C62
)
LaTeX Info: Redefining \selectfont on input line 755.
\CJK@indent=\box49
) (c:/texlive/2021/texmf-dist/tex/latex/base/fontenc.sty
Package: fontenc 2020/08/10 v2.0s Standard LaTeX package
)) (c:/texlive/2021/texmf-dist/tex/latex/cjkpunct/CJKpunct.sty
Package: CJKpunct 2016/05/14 4.8.4
\CJKpunct@cnta=\count191
\CJKpunct@cntb=\count192
\CJKpunct@cntc=\count193
\CJKpunct@cntd=\count194
\CJKpunct@cnte=\count195
   defining Unicode char U+2018 (decimal 8216)
   defining Unicode char U+2019 (decimal 8217)
   defining Unicode char U+201C (decimal 8220)
   defining Unicode char U+201D (decimal 8221)
   defining Unicode char U+2014 (decimal 8212)
   defining Unicode char U+2026 (decimal 8230)
 (c:/texlive/2021/texmf-dist/tex/latex/cjkpunct/CJKpunct.spa)) (c:/texlive/2021/texmf-dist/tex/latex/cjk/texinput/CJKspace.sty
Package: CJKspace 2015/04/18 3.8.0
) (c:/texlive/2021/texmf-dist/tex/latex/ctex/ctexspa.def
File: ctexspa.def 2021/03/14 v2.5.6 Space info for CJKpunct (CTEX)
)
\ccwd=\dimen140
\l__ctex_ccglue_skip=\skip49
)
\l__ctex_ziju_dim=\dimen141
 (c:/texlive/2021/texmf-dist/tex/latex/zhnumber/zhnumber.sty
Package: zhnumber 2020/05/01 v2.8 Typesetting numbers with Chinese glyphs
\l__zhnum_scale_int=\count196
\l__zhnum_byte_min_int=\count197
\l__zhnum_byte_max_int=\count198
 (c:/texlive/2021/texmf-dist/tex/latex/zhnumber/zhnumber-utf8.cfg
File: zhnumber-utf8.cfg 2020/05/01 v2.8 Chinese numerals with UTF8 encoding
)) (c:/texlive/2021/texmf-dist/tex/latex/ctex/scheme/ctex-scheme-chinese.def
File: ctex-scheme-chinese.def 2021/03/14 v2.5.6 Chinese scheme for generic (CTEX)
 (c:/texlive/2021/texmf-dist/tex/latex/ctex/config/ctex-name-utf8.cfg
File: ctex-name-utf8.cfg 2021/03/14 v2.5.6 Caption with encoding UTF-8 (CTEX)
)) (c:/texlive/2021/texmf-dist/tex/latex/tools/indentfirst.sty
Package: indentfirst 1995/11/23 v1.03 Indent first paragraph (DPC)
) (c:/texlive/2021/texmf-dist/tex/latex/ctex/fontset/ctex-fontset-fandol.def
File: ctex-fontset-fandol.def 2021/03/14 v2.5.6 Fandol fonts definition (CTEX)


c:/texlive/2021/texmf-dist/tex/latex/ctex/fontset/ctex-fontset-fandol.def:103: Critical Package ctex Error: CTeX fontset `fandol' is unavailable in current
(ctex)                         mode.

Type <return> to continue.
 ...                                              
                                                  
l.103   }
         

LaTeX does not know anything more about this error, sorry.

Try typing <return> to proceed.
If that doesn't work, type X <return> to quit.

Reading the current file 'ctex-fontset-fandol' will stop.


)) (c:/texlive/2021/texmf-dist/tex/latex/ctex/config/ctex.cfg
File: ctex.cfg 2021/03/14 v2.5.6 Configuration file (CTEX)
) (c:/texlive/2021/texmf-dist/tex/latex/biblatex/biblatex.sty
Package: biblatex 2020/12/31 v3.16 programmable bibliographies (PK/MW)
 (c:/texlive/2021/texmf-dist/tex/generic/pdftexcmds/pdftexcmds.sty
Package: pdftexcmds 2020-06-27 v0.33 Utility functions of pdfTeX for LuaTeX (HO)
 (c:/texlive/2021/texmf-dist/tex/generic/infwarerr/infwarerr.sty
Package: infwarerr 2019/12/03 v1.5 Providing info/warning/error messages (HO)
) (c:/texlive/2021/texmf-dist/tex/generic/ltxcmds/ltxcmds.sty
Package: ltxcmds 2020-05-10 v1.25 LaTeX kernel commands for general use (HO)
)
Package pdftexcmds Info: \pdf@primitive is available.
Package pdftexcmds Info: \pdf@ifprimitive is available.
Package pdftexcmds Info: \pdfdraftmode found.
) (c:/texlive/2021/texmf-dist/tex/latex/etoolbox/etoolbox.sty
Package: etoolbox 2020/10/05 v2.5k e-TeX tools for LaTeX (JAW)
\etb@tempcnta=\count199
) (c:/texlive/2021/texmf-dist/tex/latex/graphics/keyval.sty
Package: keyval 2014/10/28 v1.15 key=value parser (DPC)
\KV@toks@=\toks17
) (c:/texlive/2021/texmf-dist/tex/latex/kvoptions/kvoptions.sty
Package: kvoptions 2020-10-07 v3.14 Key value format for package options (HO)
 (c:/texlive/2021/texmf-dist/tex/generic/kvsetkeys/kvsetkeys.sty
Package: kvsetkeys 2019/12/15 v1.18 Key value parser (HO)
)) (c:/texlive/2021/texmf-dist/tex/latex/logreq/logreq.sty
Package: logreq 2010/08/04 v1.0 xml request logger
\lrq@indent=\count266
 (c:/texlive/2021/texmf-dist/tex/latex/logreq/logreq.def
File: logreq.def 2010/08/04 v1.0 logreq spec v1.0
)) (c:/texlive/2021/texmf-dist/tex/latex/base/ifthen.sty
Package: ifthen 2014/09/29 v1.1c Standard LaTeX ifthen package (DPC)
) (c:/texlive/2021/texmf-dist/tex/latex/url/url.sty
\Urlmuskip=\muskip16
Package: url 2013/09/16  ver 3.4  Verb mode for urls, etc.
)
\c@tabx@nest=\count267
\c@listtotal=\count268
\c@listcount=\count269
\c@liststart=\count270
\c@liststop=\count271
\c@citecount=\count272
\c@citetotal=\count273
\c@multicitecount=\count274
\c@multicitetotal=\count275
\c@instcount=\count276
\c@maxnames=\count277
\c@minnames=\count278
\c@maxitems=\count279
\c@minitems=\count280
\c@citecounter=\count281
\c@maxcitecounter=\count282
\c@savedcitecounter=\count283
\c@uniquelist=\count284
\c@uniquename=\count285
\c@refsection=\count286
\c@refsegment=\count287
\c@maxextratitle=\count288
\c@maxextratitleyear=\count289
\c@maxextraname=\count290
\c@maxextradate=\count291
\c@maxextraalpha=\count292
\c@abbrvpenalty=\count293
\c@highnamepenalty=\count294
\c@lownamepenalty=\count295
\c@maxparens=\count296
\c@parenlevel=\count297
\blx@tempcnta=\count298
\blx@tempcntb=\count299
\blx@tempcntc=\count300
\blx@maxsection=\count301
\blx@maxsegment@0=\count302
\blx@notetype=\count303
\blx@parenlevel@text=\count304
\blx@parenlevel@foot=\count305
\blx@sectionciteorder@0=\count306
\blx@entrysetcounter=\count307
\blx@biblioinstance=\count308
\labelnumberwidth=\skip50
\labelalphawidth=\skip51
\biblabelsep=\skip52
\bibitemsep=\skip53
\bibnamesep=\skip54
\bibinitsep=\skip55
\bibparsep=\skip56
\bibhang=\skip57
\blx@bcfin=\read2
\blx@bcfout=\write3
\blx@langwohyphens=\language11
\c@mincomprange=\count309
\c@maxcomprange=\count310
\c@mincompwidth=\count311
Package biblatex Info: Trying to load biblatex default data model...
Package biblatex Info: ... file 'blx-dm.def' found.
 (c:/texlive/2021/texmf-dist/tex/latex/biblatex/blx-dm.def
File: blx-dm.def 2020/12/31 v3.16 biblatex localization (PK/MW)
)
Package biblatex Info: Trying to load biblatex custom data model...
Package biblatex Info: ... file 'biblatex-dm.cfg' not found.
\c@afterword=\count312
\c@savedafterword=\count313
\c@annotator=\count314
\c@savedannotator=\count315
\c@author=\count316
\c@savedauthor=\count317
\c@bookauthor=\count318
\c@savedbookauthor=\count319
\c@commentator=\count320
\c@savedcommentator=\count321
\c@editor=\count322
\c@savededitor=\count323
\c@editora=\count324
\c@savededitora=\count325
\c@editorb=\count326
\c@savededitorb=\count327
\c@editorc=\count328
\c@savededitorc=\count329
\c@foreword=\count330
\c@savedforeword=\count331
\c@holder=\count332
\c@savedholder=\count333
\c@introduction=\count334
\c@savedintroduction=\count335
\c@namea=\count336
\c@savednamea=\count337
\c@nameb=\count338
\c@savednameb=\count339
\c@namec=\count340
\c@savednamec=\count341
\c@translator=\count342
\c@savedtranslator=\count343
\c@shortauthor=\count344
\c@savedshortauthor=\count345
\c@shorteditor=\count346
\c@savedshorteditor=\count347
\c@labelname=\count348
\c@savedlabelname=\count349
\c@institution=\count350
\c@savedinstitution=\count351
\c@lista=\count352
\c@savedlista=\count353
\c@listb=\count354
\c@savedlistb=\count355
\c@listc=\count356
\c@savedlistc=\count357
\c@listd=\count358
\c@savedlistd=\count359
\c@liste=\count360
\c@savedliste=\count361
\c@listf=\count362
\c@savedlistf=\count363
\c@location=\count364
\c@savedlocation=\count365
\c@organization=\count366
\c@savedorganization=\count367
\c@origlocation=\count368
\c@savedoriglocation=\count369
\c@origpublisher=\count370
\c@savedorigpublisher=\count371
\c@publisher=\count372
\c@savedpublisher=\count373
\c@language=\count374
\c@savedlanguage=\count375
\c@origlanguage=\count376
\c@savedoriglanguage=\count377
\c@pageref=\count378
\c@savedpageref=\count379
\shorthandwidth=\skip58
\shortjournalwidth=\skip59
\shortserieswidth=\skip60
\shorttitlewidth=\skip61
\shortauthorwidth=\skip62
\shorteditorwidth=\skip63
\locallabelnumberwidth=\skip64
\locallabelalphawidth=\skip65
\localshorthandwidth=\skip66
\localshortjournalwidth=\skip67
\localshortserieswidth=\skip68
\localshorttitlewidth=\skip69
\localshortauthorwidth=\skip70
\localshorteditorwidth=\skip71
Package biblatex Info: Trying to load compatibility code...
Package biblatex Info: ... file 'blx-compat.def' found.
 (c:/texlive/2021/texmf-dist/tex/latex/biblatex/blx-compat.def
File: blx-compat.def 2020/12/31 v3.16 biblatex compatibility (PK/MW)
)
Package biblatex Info: Trying to load generic definitions...
Package biblatex Info: ... file 'biblatex.def' found.
 (c:/texlive/2021/texmf-dist/tex/latex/biblatex/biblatex.def
File: biblatex.def 2020/12/31 v3.16 biblatex compatibility (PK/MW)
\c@textcitecount=\count380
\c@textcitetotal=\count381
\c@textcitemaxnames=\count382
\c@biburlbigbreakpenalty=\count383
\c@biburlbreakpenalty=\count384
\c@biburlnumpenalty=\count385
\c@biburlucpenalty=\count386
\c@biburllcpenalty=\count387
\biburlbigskip=\muskip17
\biburlnumskip=\muskip18
\biburlucskip=\muskip19
\biburllcskip=\muskip20
\c@smartand=\count388
)
Package biblatex Info: Trying to load bibliography style 'numeric'...
Package biblatex Info: ... file 'numeric.bbx' found.
 (c:/texlive/2021/texmf-dist/tex/latex/biblatex/bbx/numeric.bbx
File: numeric.bbx 2020/12/31 v3.16 biblatex bibliography style (PK/MW)
Package biblatex Info: Trying to load bibliography style 'standard'...
Package biblatex Info: ... file 'standard.bbx' found.
 (c:/texlive/2021/texmf-dist/tex/latex/biblatex/bbx/standard.bbx
File: standard.bbx 2020/12/31 v3.16 biblatex bibliography style (PK/MW)
\c@bbx:relatedcount=\count389
\c@bbx:relatedtotal=\count390
))
Package biblatex Info: Trying to load citation style 'numeric'...
Package biblatex Info: ... file 'numeric.cbx' found.
 (c:/texlive/2021/texmf-dist/tex/latex/biblatex/cbx/numeric.cbx
File: numeric.cbx 2020/12/31 v3.16 biblatex citation style (PK/MW)
Package biblatex Info: Redefining '\cite'.
Package biblatex Info: Redefining '\parencite'.
Package biblatex Info: Redefining '\footcite'.
Package biblatex Info: Redefining '\footcitetext'.
Package biblatex Info: Redefining '\smartcite'.
Package biblatex Info: Redefining '\supercite'.
Package biblatex Info: Redefining '\textcite'.
Package biblatex Info: Redefining '\textcites'.
Package biblatex Info: Redefining '\cites'.
Package biblatex Info: Redefining '\parencites'.
Package biblatex Info: Redefining '\smartcites'.
)
Package biblatex Info: Trying to load configuration file...
Package biblatex Info: ... file 'biblatex.cfg' found.
 (c:/texlive/2021/texmf-dist/tex/latex/biblatex/biblatex.cfg
File: biblatex.cfg 
)) (c:/texlive/2021/texmf-dist/tex/latex/amsfonts/amssymb.sty
Package: amssymb 2013/01/14 v3.01 AMS font symbols
 (c:/texlive/2021/texmf-dist/tex/latex/amsfonts/amsfonts.sty
Package: amsfonts 2013/01/14 v3.01 Basic AMSFonts support
\@emptytoks=\toks18
\symAMSa=\mathgroup4
\symAMSb=\mathgroup5
LaTeX Font Info:    Redeclaring math symbol \hbar on input line 98.
LaTeX Font Info:    Overwriting math alphabet `\mathfrak' in version `bold'
(Font)                  U/euf/m/n --> U/euf/b/n on input line 106.
)) (c:/texlive/2021/texmf-dist/tex/latex/base/latexsym.sty
Package: latexsym 1998/08/17 v2.2e Standard LaTeX package (lasy symbols)
\symlasy=\mathgroup6
LaTeX Font Info:    Overwriting symbol font `lasy' in version `bold'
(Font)                  U/lasy/m/n --> U/lasy/b/n on input line 52.
) (c:/texlive/2021/texmf-dist/tex/latex/amsmath/amsmath.sty
Package: amsmath 2020/09/23 v2.17i AMS math features
\@mathmargin=\skip72

For additional information on amsmath, use the `?' option.
(c:/texlive/2021/texmf-dist/tex/latex/amsmath/amstext.sty
Package: amstext 2000/06/29 v2.01 AMS text
 (c:/texlive/2021/texmf-dist/tex/latex/amsmath/amsgen.sty
File: amsgen.sty 1999/11/30 v2.0 generic functions
\@emptytoks=\toks19
\ex@=\dimen142
)) (c:/texlive/2021/texmf-dist/tex/latex/amsmath/amsbsy.sty
Package: amsbsy 1999/11/29 v1.2d Bold Symbols
\pmbraise@=\dimen143
) (c:/texlive/2021/texmf-dist/tex/latex/amsmath/amsopn.sty
Package: amsopn 2016/03/08 v2.02 operator names
)
\inf@bad=\count391
LaTeX Info: Redefining \frac on input line 234.
\uproot@=\count392
\leftroot@=\count393
LaTeX Info: Redefining \overline on input line 399.
\classnum@=\count394
\DOTSCASE@=\count395
LaTeX Info: Redefining \ldots on input line 496.
LaTeX Info: Redefining \dots on input line 499.
LaTeX Info: Redefining \cdots on input line 620.
\Mathstrutbox@=\box50
\strutbox@=\box51
\big@size=\dimen144
LaTeX Font Info:    Redeclaring font encoding OML on input line 743.
LaTeX Font Info:    Redeclaring font encoding OMS on input line 744.
\macc@depth=\count396
\c@MaxMatrixCols=\count397
\dotsspace@=\muskip21
\c@parentequation=\count398
\dspbrk@lvl=\count399
\tag@help=\toks20
\row@=\count400
\column@=\count401
\maxfields@=\count402
\andhelp@=\toks21
\eqnshift@=\dimen145
\alignsep@=\dimen146
\tagshift@=\dimen147
\tagwidth@=\dimen148
\totwidth@=\dimen149
\lineht@=\dimen150
\@envbody=\toks22
\multlinegap=\skip73
\multlinetaggap=\skip74
\mathdisplay@stack=\toks23
LaTeX Info: Redefining \[ on input line 2923.
LaTeX Info: Redefining \] on input line 2924.
) (c:/texlive/2021/texmf-dist/tex/latex/cases/cases.sty
Package: cases 2020/03/29 ver 3.2
\numc@numwid=\dimen151
) (c:/texlive/2021/texmf-dist/tex/latex/geometry/geometry.sty
Package: geometry 2020/01/02 v5.9 Page Geometry
 (c:/texlive/2021/texmf-dist/tex/generic/iftex/ifvtex.sty
Package: ifvtex 2019/10/25 v1.7 ifvtex legacy package. Use iftex instead.
)
\Gm@cnth=\count403
\Gm@cntv=\count404
\c@Gm@tempcnt=\count405
\Gm@bindingoffset=\dimen152
\Gm@wd@mp=\dimen153
\Gm@odd@mp=\dimen154
\Gm@even@mp=\dimen155
\Gm@layoutwidth=\dimen156
\Gm@layoutheight=\dimen157
\Gm@layouthoffset=\dimen158
\Gm@layoutvoffset=\dimen159
\Gm@dimlist=\toks24
) (c:/texlive/2021/texmf-dist/tex/latex/graphics/graphicx.sty
Package: graphicx 2020/09/09 v1.2b Enhanced LaTeX Graphics (DPC,SPQR)
 (c:/texlive/2021/texmf-dist/tex/latex/graphics/graphics.sty
Package: graphics 2020/08/30 v1.4c Standard LaTeX Graphics (DPC,SPQR)
 (c:/texlive/2021/texmf-dist/tex/latex/graphics/trig.sty
Package: trig 2016/01/03 v1.10 sin cos tan (DPC)
) (c:/texlive/2021/texmf-dist/tex/latex/graphics-cfg/graphics.cfg
File: graphics.cfg 2016/06/04 v1.11 sample graphics configuration
)
Package graphics Info: Driver file: pdftex.def on input line 105.
 (c:/texlive/2021/texmf-dist/tex/latex/graphics-def/pdftex.def
File: pdftex.def 2020/10/05 v1.2a Graphics/color driver for pdftex
))
\Gin@req@height=\dimen160
\Gin@req@width=\dimen161
) (c:/texlive/2021/texmf-dist/tex/latex/float/float.sty
Package: float 2001/11/08 v1.3d Float enhancements (AL)
\c@float@type=\count406
\float@exts=\toks25
\float@box=\box52
\@float@everytoks=\toks26
\@floatcapt=\box53
) (c:/texlive/2021/texmf-dist/tex/latex/listings/listings.sty
\lst@mode=\count407
\lst@gtempboxa=\box54
\lst@token=\toks27
\lst@length=\count408
\lst@currlwidth=\dimen162
\lst@column=\count409
\lst@pos=\count410
\lst@lostspace=\dimen163
\lst@width=\dimen164
\lst@newlines=\count411
\lst@lineno=\count412
\lst@maxwidth=\dimen165
 (c:/texlive/2021/texmf-dist/tex/latex/listings/lstmisc.sty
File: lstmisc.sty 2020/03/24 1.8d (Carsten Heinz)
\c@lstnumber=\count413
\lst@skipnumbers=\count414
\lst@framebox=\box55
) (c:/texlive/2021/texmf-dist/tex/latex/listings/listings.cfg
File: listings.cfg 2020/03/24 1.8d listings configuration
))
Package: listings 2020/03/24 1.8d (Carsten Heinz)
 (c:/texlive/2021/texmf-dist/tex/latex/tools/enumerate.sty
Package: enumerate 2015/07/23 v3.00 enumerate extensions (DPC)
\@enLab=\toks28
) (c:/texlive/2021/texmf-dist/tex/latex/graphics/color.sty
Package: color 2020/02/24 v1.2b Standard LaTeX Color (DPC)
 (c:/texlive/2021/texmf-dist/tex/latex/graphics-cfg/color.cfg
File: color.cfg 2016/01/02 v1.6 sample color configuration
)
Package color Info: Driver file: pdftex.def on input line 147.
) (./hw1.sty

LaTeX Warning: You have requested package `hw1',
               but the package provides `minted'.

Package: minted 2017/09/03 v2.5.1dev Yet another Pygments shim for LaTeX
(c:/texlive/2021/texmf-dist/tex/latex/fvextra/fvextra.sty
Package: fvextra 2019/02/04 v1.4 fvextra - extensions and patches for fancyvrb
 (c:/texlive/2021/texmf-dist/tex/latex/fancyvrb/fancyvrb.sty
Package: fancyvrb 2021/01/20 v3.7 verbatim text (tvz,hv)
\FV@CodeLineNo=\count415
\FV@InFile=\read3
\FV@TabBox=\box56
\c@FancyVerbLine=\count416
\FV@StepNumber=\count417
\FV@OutFile=\write4
) (c:/texlive/2021/texmf-dist/tex/latex/upquote/upquote.sty
Package: upquote 2012/04/19 v1.3 upright-quote and grave-accent glyphs in verbatim
) (c:/texlive/2021/texmf-dist/tex/latex/lineno/lineno.sty
Package: lineno 2005/11/02 line numbers on paragraphs v4.41
\linenopenalty=\count418
\output=\toks29
\linenoprevgraf=\count419
\linenumbersep=\dimen166
\linenumberwidth=\dimen167
\c@linenumber=\count420
\c@pagewiselinenumber=\count421
\c@LN@truepage=\count422
\c@internallinenumber=\count423
\c@internallinenumbers=\count424
\quotelinenumbersep=\dimen168
\bframerule=\dimen169
\bframesep=\dimen170
\bframebox=\box57
LaTeX Info: Redefining \\ on input line 3056.
)
\c@FV@TrueTabGroupLevel=\count425
\c@FV@TrueTabCounter=\count426
\FV@TabBox@Group=\box58
\FV@TmpLength=\skip75
\c@FV@HighlightLinesStart=\count427
\c@FV@HighlightLinesStop=\count428
\FV@LoopCount=\count429
\FV@NCharsBox=\box59
\FV@BreakIndent=\dimen171
\FV@BreakIndentNChars=\count430
\FV@BreakSymbolSepLeft=\dimen172
\FV@BreakSymbolSepLeftNChars=\count431
\FV@BreakSymbolSepRight=\dimen173
\FV@BreakSymbolSepRightNChars=\count432
\FV@BreakSymbolIndentLeft=\dimen174
\FV@BreakSymbolIndentLeftNChars=\count433
\FV@BreakSymbolIndentRight=\dimen175
\FV@BreakSymbolIndentRightNChars=\count434
\c@FancyVerbLineBreakLast=\count435
\FV@LineBox=\box60
\FV@LineIndentBox=\box61
\FV@LineWidth=\dimen176
) (c:/texlive/2021/texmf-dist/tex/latex/tools/calc.sty
Package: calc 2017/05/25 v4.3 Infix arithmetic (KKT,FJ)
\calc@Acount=\count436
\calc@Bcount=\count437
\calc@Adimen=\dimen177
\calc@Bdimen=\dimen178
\calc@Askip=\skip76
\calc@Bskip=\skip77
LaTeX Info: Redefining \setlength on input line 80.
LaTeX Info: Redefining \addtolength on input line 81.
\calc@Ccount=\count438
\calc@Cskip=\skip78
) (c:/texlive/2021/texmf-dist/tex/latex/tools/shellesc.sty
Package: shellesc 2019/11/08 v1.0c unified shell escape interface for LaTeX
Package shellesc Info: Restricted shell escape enabled on input line 77.
) (c:/texlive/2021/texmf-dist/tex/latex/ifplatform/ifplatform.sty
Package: ifplatform 2017/10/13 v0.4a Testing for the operating system
 (c:/texlive/2021/texmf-dist/tex/generic/catchfile/catchfile.sty
Package: catchfile 2019/12/09 v1.8 Catch the contents of a file (HO)
 (c:/texlive/2021/texmf-dist/tex/generic/etexcmds/etexcmds.sty
Package: etexcmds 2019/12/15 v1.7 Avoid name clashes with e-TeX commands (HO)
)) (c:/texlive/2021/texmf-dist/tex/generic/iftex/ifluatex.sty
Package: ifluatex 2019/10/25 v1.5 ifluatex legacy package. Use iftex instead.
)

Package ifplatform Warning: 
    shell escape is disabled, so I can only detect \ifwindows.

) (c:/texlive/2021/texmf-dist/tex/generic/xstring/xstring.sty (c:/texlive/2021/texmf-dist/tex/generic/xstring/xstring.tex
\integerpart=\count439
\decimalpart=\count440
)
Package: xstring 2019/02/06 v1.83 String manipulations (CT)
) (c:/texlive/2021/texmf-dist/tex/latex/framed/framed.sty
Package: framed 2011/10/22 v 0.96: framed or shaded text with page breaks
\OuterFrameSep=\skip79
\fb@frw=\dimen179
\fb@frh=\dimen180
\FrameRule=\dimen181
\FrameSep=\dimen182
)
./hw1.sty:78: Undefined control sequence.
\@gtempa ...num \@ne =\@ne \fi \ifminted@newfloat 
                                                  \relax \TE@setvaltrue \els...
l.78 \ifthenelse{\boolean{minted@newfloat}}
                                           {\RequirePackage{newfloat}}{\Requ...
The control sequence at the end of the top line
of your error message was never \def'ed. If you have
misspelled it (e.g., `\hobx'), type `I' and the correct
spelling (e.g., `I\hbox'). Otherwise just continue,
and I'll forget about whatever was undefined.

(c:/texlive/2021/texmf-dist/tex/latex/newfloat/newfloat.sty
Package: newfloat 2019/09/02 v1.1l Defining new floating environments (AR)
)
./hw1.sty:88: Undefined control sequence.
\@gtempa ...@ne =\@ne \fi \ifminted@finalizecache 
                                                  \relax \TE@setvaltrue \els...
l.88 \ifthenelse{\boolean{minted@finalizecache}}
                                                %
The control sequence at the end of the top line
of your error message was never \def'ed. If you have
misspelled it (e.g., `\hobx'), type `I' and the correct
spelling (e.g., `I\hbox'). Otherwise just continue,
and I'll forget about whatever was undefined.

./hw1.sty:88: Extra \fi.
\@gtempa ...E@setvalfalse \fi \TE@negatefalse \fi 
                                                  
l.88 \ifthenelse{\boolean{minted@finalizecache}}
                                                %
I'm ignoring this; it doesn't match any \if.

./hw1.sty:94: Undefined control sequence.
\@gtempa ... \@ne =\@ne \fi \ifminted@frozencache 
                                                  \relax \TE@setvaltrue \els...
l.94  {}
        
The control sequence at the end of the top line
of your error message was never \def'ed. If you have
misspelled it (e.g., `\hobx'), type `I' and the correct
spelling (e.g., `I\hbox'). Otherwise just continue,
and I'll forget about whatever was undefined.

./hw1.sty:94: Extra \fi.
\@gtempa ...E@setvalfalse \fi \TE@negatefalse \fi 
                                                  
l.94  {}
        
I'm ignoring this; it doesn't match any \if.


./hw1.sty:94: Package minted Error: Options "finalizecache" and "frozencache" are not compatible.

See the minted package documentation for explanation.
Type  H <return>  for immediate help.
 ...                                              
                                                  
l.94  {}
        
Options "finalizecache" and "frozencache" are not compatible

./hw1.sty:95: Undefined control sequence.
\@gtempa ...\ifnum \@ne =\@ne \fi \ifminted@cache 
                                                  \relax \TE@setvaltrue \els...
l.95 \ifthenelse{\boolean{minted@cache}}
                                        %
The control sequence at the end of the top line
of your error message was never \def'ed. If you have
misspelled it (e.g., `\hobx'), type `I' and the correct
spelling (e.g., `I\hbox'). Otherwise just continue,
and I'll forget about whatever was undefined.

./hw1.sty:95: Extra \fi.
\@gtempa ...E@setvalfalse \fi \TE@negatefalse \fi 
                                                  
l.95 \ifthenelse{\boolean{minted@cache}}
                                        %
I'm ignoring this; it doesn't match any \if.

./hw1.sty:99: Undefined control sequence.
\@gtempa ... \@ne =\@ne \fi \ifminted@frozencache 
                                                  \relax \TE@setvaltrue \els...
l.99  {}
        
The control sequence at the end of the top line
of your error message was never \def'ed. If you have
misspelled it (e.g., `\hobx'), type `I' and the correct
spelling (e.g., `I\hbox'). Otherwise just continue,
and I'll forget about whatever was undefined.

./hw1.sty:99: Extra \fi.
\@gtempa ...E@setvalfalse \fi \TE@negatefalse \fi 
                                                  
l.99  {}
        
I'm ignoring this; it doesn't match any \if.

./hw1.sty:140: Undefined control sequence.
\@gtempa ...\ifnum \@ne =\@ne \fi \ifminted@draft 
                                                  \relax \TE@setvaltrue \els...
l.140 \ifthenelse{\boolean{minted@draft}}
                                         %
The control sequence at the end of the top line
of your error message was never \def'ed. If you have
misspelled it (e.g., `\hobx'), type `I' and the correct
spelling (e.g., `I\hbox'). Otherwise just continue,
and I'll forget about whatever was undefined.

./hw1.sty:140: Extra \fi.
\@gtempa ...E@setvalfalse \fi \TE@negatefalse \fi 
                                                  
l.140 \ifthenelse{\boolean{minted@draft}}
                                         %
I'm ignoring this; it doesn't match any \if.

\minted@appexistsfile=\read4
./hw1.sty:544: Undefined control sequence.
\@gtempa ...\ifnum \@ne =\@ne \fi \ifminted@draft 
                                                  \relax \TE@setvaltrue \els...
l.544 \ifthenelse{\boolean{minted@draft}}
                                         {\renewcommand{\minted@checkstyle}[...
The control sequence at the end of the top line
of your error message was never \def'ed. If you have
misspelled it (e.g., `\hobx'), type `I' and the correct
spelling (e.g., `I\hbox'). Otherwise just continue,
and I'll forget about whatever was undefined.

./hw1.sty:544: Extra \fi.
\@gtempa ...E@setvalfalse \fi \TE@negatefalse \fi 
                                                  
l.544 \ifthenelse{\boolean{minted@draft}}
                                         {\renewcommand{\minted@checkstyle}[...
I'm ignoring this; it doesn't match any \if.

./hw1.sty:556: Undefined control sequence.
\@gtempa ...\ifnum \@ne =\@ne \fi \ifminted@draft 
                                                  \relax \TE@setvaltrue \els...
l.556 \ifthenelse{\boolean{minted@draft}}
                                         {}{\AtBeginDocument{\minted@patch@P...
The control sequence at the end of the top line
of your error message was never \def'ed. If you have
misspelled it (e.g., `\hobx'), type `I' and the correct
spelling (e.g., `I\hbox'). Otherwise just continue,
and I'll forget about whatever was undefined.

./hw1.sty:556: Extra \fi.
\@gtempa ...E@setvalfalse \fi \TE@negatefalse \fi 
                                                  
l.556 \ifthenelse{\boolean{minted@draft}}
                                         {}{\AtBeginDocument{\minted@patch@P...
I'm ignoring this; it doesn't match any \if.

./hw1.sty:618: Undefined control sequence.
\@gtempa ...\ifnum \@ne =\@ne \fi \ifminted@draft 
                                                  \relax \TE@setvaltrue \els...
l.618 \ifthenelse{\boolean{minted@draft}}
                                         %
The control sequence at the end of the top line
of your error message was never \def'ed. If you have
misspelled it (e.g., `\hobx'), type `I' and the correct
spelling (e.g., `I\hbox'). Otherwise just continue,
and I'll forget about whatever was undefined.

./hw1.sty:618: Extra \fi.
\@gtempa ...E@setvalfalse \fi \TE@negatefalse \fi 
                                                  
l.618 \ifthenelse{\boolean{minted@draft}}
                                         %
I'm ignoring this; it doesn't match any \if.

\minted@bgbox=\box62
\minted@code=\write5
\c@minted@FancyVerbLineTemp=\count441
\c@minted@pygmentizecounter=\count442
./hw1.sty:948: Undefined control sequence.
\@gtempa ... \@ne =\@ne \fi \ifminted@langlinenos 
                                                  \relax \TE@setvaltrue \els...
l.948 \ifthenelse{\boolean{minted@langlinenos}}
                                               {}{%
The control sequence at the end of the top line
of your error message was never \def'ed. If you have
misspelled it (e.g., `\hobx'), type `I' and the correct
spelling (e.g., `I\hbox'). Otherwise just continue,
and I'll forget about whatever was undefined.

./hw1.sty:948: Extra \fi.
\@gtempa ...E@setvalfalse \fi \TE@negatefalse \fi 
                                                  
l.948 \ifthenelse{\boolean{minted@langlinenos}}
                                               {}{%
I'm ignoring this; it doesn't match any \if.

./hw1.sty:997: Undefined control sequence.
\@gtempa ...\ifnum \@ne =\@ne \fi \ifminted@draft 
                                                  \relax \TE@setvaltrue \els...
l.997 \ifthenelse{\boolean{minted@draft}}
                                         %
The control sequence at the end of the top line
of your error message was never \def'ed. If you have
misspelled it (e.g., `\hobx'), type `I' and the correct
spelling (e.g., `I\hbox'). Otherwise just continue,
and I'll forget about whatever was undefined.

./hw1.sty:997: Extra \fi.
\@gtempa ...E@setvalfalse \fi \TE@negatefalse \fi 
                                                  
l.997 \ifthenelse{\boolean{minted@draft}}
                                         %
I'm ignoring this; it doesn't match any \if.

./hw1.sty:1050: Undefined control sequence.
\@gtempa ...\ifnum \@ne =\@ne \fi \ifminted@draft 
                                                  \relax \TE@setvaltrue \els...
l.1050 \ifthenelse{\boolean{minted@draft}}
                                          %
The control sequence at the end of the top line
of your error message was never \def'ed. If you have
misspelled it (e.g., `\hobx'), type `I' and the correct
spelling (e.g., `I\hbox'). Otherwise just continue,
and I'll forget about whatever was undefined.

./hw1.sty:1050: Extra \fi.
\@gtempa ...E@setvalfalse \fi \TE@negatefalse \fi 
                                                  
l.1050 \ifthenelse{\boolean{minted@draft}}
                                          %
I'm ignoring this; it doesn't match any \if.

./hw1.sty:1078: Undefined control sequence.
\@gtempa ...\ifnum \@ne =\@ne \fi \ifminted@draft 
                                                  \relax \TE@setvaltrue \els...
l.1078 \ifthenelse{\boolean{minted@draft}}
                                          %
The control sequence at the end of the top line
of your error message was never \def'ed. If you have
misspelled it (e.g., `\hobx'), type `I' and the correct
spelling (e.g., `I\hbox'). Otherwise just continue,
and I'll forget about whatever was undefined.

./hw1.sty:1078: Extra \fi.
\@gtempa ...E@setvalfalse \fi \TE@negatefalse \fi 
                                                  
l.1078 \ifthenelse{\boolean{minted@draft}}
                                          %
I'm ignoring this; it doesn't match any \if.

./hw1.sty:1100: Undefined control sequence.
\@gtempa ...\ifnum \@ne =\@ne \fi \ifminted@draft 
                                                  \relax \TE@setvaltrue \els...
l.1100 \ifthenelse{\boolean{minted@draft}}
                                          %
The control sequence at the end of the top line
of your error message was never \def'ed. If you have
misspelled it (e.g., `\hobx'), type `I' and the correct
spelling (e.g., `I\hbox'). Otherwise just continue,
and I'll forget about whatever was undefined.

./hw1.sty:1100: Extra \fi.
\@gtempa ...E@setvalfalse \fi \TE@negatefalse \fi 
                                                  
l.1100 \ifthenelse{\boolean{minted@draft}}
                                          %
I'm ignoring this; it doesn't match any \if.

./hw1.sty:1151: Undefined control sequence.
\@gtempa ...num \@ne =\@ne \fi \ifminted@newfloat 
                                                  \relax \TE@setvaltrue \els...
l.1151 \ifthenelse{\boolean{minted@newfloat}}
                                             %
The control sequence at the end of the top line
of your error message was never \def'ed. If you have
misspelled it (e.g., `\hobx'), type `I' and the correct
spelling (e.g., `I\hbox'). Otherwise just continue,
and I'll forget about whatever was undefined.

./hw1.sty:1151: Extra \fi.
\@gtempa ...E@setvalfalse \fi \TE@negatefalse \fi 
                                                  
l.1151 \ifthenelse{\boolean{minted@newfloat}}
                                             %
I'm ignoring this; it doesn't match any \if.

Package newfloat Info: New float `listing' with options `fileext=lol,placement=tbp' on input line 1159.
\c@listing=\count443
Package newfloat Info: float type `listing'=4 on input line 1159.
./hw1.sty:1160: Undefined control sequence.
<recently read> \ifminted@newfloat 
                                   
l.1160 \ifminted@newfloat
                         \else
The control sequence at the end of the top line
of your error message was never \def'ed. If you have
misspelled it (e.g., `\hobx'), type `I' and the correct
spelling (e.g., `I\hbox'). Otherwise just continue,
and I'll forget about whatever was undefined.

./hw1.sty:1160: Extra \else.
l.1160 \ifminted@newfloat\else
                              
I'm ignoring this; it doesn't match any \if.

./hw1.sty:1165: Extra \fi.
l.1165 \fi
          
I'm ignoring this; it doesn't match any \if.

)
./pj5.tex:16: Undefined control sequence.
\@gtempa ...\ifnum \@ne =\@ne \fi \ifminted@draft 
                                                  \relax \TE@setvaltrue \els...
l.16 
     
The control sequence at the end of the top line
of your error message was never \def'ed. If you have
misspelled it (e.g., `\hobx'), type `I' and the correct
spelling (e.g., `I\hbox'). Otherwise just continue,
and I'll forget about whatever was undefined.

./pj5.tex:16: Extra \fi.
\@gtempa ...E@setvalfalse \fi \TE@negatefalse \fi 
                                                  
l.16 
     
I'm ignoring this; it doesn't match any \if.

./pj5.tex:16: Extra \fi.
<argument> ...op@@ }\expandafter \@firstofone \fi 
                                                  
l.16 
     
I'm ignoring this; it doesn't match any \if.

(c:/texlive/2021/texmf-dist/tex/latex/multirow/multirow.sty
Package: multirow 2021/03/15 v2.8 Span multiple rows of a table
\multirow@colwidth=\skip80
\multirow@cntb=\count444
\multirow@dima=\skip81
\bigstrutjot=\dimen183
) (c:/texlive/2021/texmf-dist/tex/latex/fancyhdr/fancyhdr.sty
Package: fancyhdr 2021/01/28 v4.0.1 Extensive control of page headers and footers
\f@nch@headwidth=\skip82
\f@nch@O@elh=\skip83
\f@nch@O@erh=\skip84
\f@nch@O@olh=\skip85
\f@nch@O@orh=\skip86
\f@nch@O@elf=\skip87
\f@nch@O@erf=\skip88
\f@nch@O@olf=\skip89
\f@nch@O@orf=\skip90
) (c:/texlive/2021/texmf-dist/tex/latex/cjk/texinput/UTF8/UTF8.bdg
File: UTF8.bdg 2015/04/18 4.8.4
) (c:/texlive/2021/texmf-dist/tex/latex/cjk/texinput/UTF8/UTF8.enc
File: UTF8.enc 2015/04/18 4.8.4
) (c:/texlive/2021/texmf-dist/tex/latex/cjk/texinput/UTF8/UTF8.chr
File: UTF8.chr 2015/04/18 4.8.4
)
\@quotelevel=\count445
\@quotereset=\count446

./pj5.tex:47: Undefined control sequence.
\@gtempa ...\ifnum \@ne =\@ne \fi \ifminted@draft 
                                                  \relax \TE@setvaltrue \els...
l.47 \begin{document}
                     
The control sequence at the end of the top line
of your error message was never \def'ed. If you have
misspelled it (e.g., `\hobx'), type `I' and the correct
spelling (e.g., `I\hbox'). Otherwise just continue,
and I'll forget about whatever was undefined.

./pj5.tex:47: Extra \fi.
\@gtempa ...E@setvalfalse \fi \TE@negatefalse \fi 
                                                  
l.47 \begin{document}
                     
I'm ignoring this; it doesn't match any \if.

(./pj5.aux)
\openout1 = `pj5.aux'.

LaTeX Font Info:    Checking defaults for OML/cmm/m/it on input line 47.
LaTeX Font Info:    ... okay on input line 47.
LaTeX Font Info:    Checking defaults for OMS/cmsy/m/n on input line 47.
LaTeX Font Info:    ... okay on input line 47.
LaTeX Font Info:    Checking defaults for OT1/cmr/m/n on input line 47.
LaTeX Font Info:    ... okay on input line 47.
LaTeX Font Info:    Checking defaults for T1/cmr/m/n on input line 47.
LaTeX Font Info:    ... okay on input line 47.
LaTeX Font Info:    Checking defaults for TS1/cmr/m/n on input line 47.
LaTeX Font Info:    ... okay on input line 47.
LaTeX Font Info:    Checking defaults for OMX/cmex/m/n on input line 47.
LaTeX Font Info:    ... okay on input line 47.
LaTeX Font Info:    Checking defaults for U/cmr/m/n on input line 47.
LaTeX Font Info:    ... okay on input line 47.
LaTeX Font Info:    Checking defaults for C00/song/m/n on input line 47.
LaTeX Font Info:    ... okay on input line 47.
LaTeX Font Info:    Checking defaults for C05/song/m/n on input line 47.
LaTeX Font Info:    ... okay on input line 47.
LaTeX Font Info:    Checking defaults for C09/song/m/n on input line 47.
LaTeX Font Info:    ... okay on input line 47.
LaTeX Font Info:    Checking defaults for C10/song/m/n on input line 47.
LaTeX Font Info:    ... okay on input line 47.
LaTeX Font Info:    Checking defaults for C20/song/m/n on input line 47.
LaTeX Font Info:    ... okay on input line 47.
LaTeX Font Info:    Checking defaults for C19/song/m/n on input line 47.
LaTeX Font Info:    ... okay on input line 47.
LaTeX Font Info:    Checking defaults for C40/song/m/n on input line 47.
LaTeX Font Info:    ... okay on input line 47.
LaTeX Font Info:    Checking defaults for C42/song/m/n on input line 47.
LaTeX Font Info:    ... okay on input line 47.
LaTeX Font Info:    Checking defaults for C43/song/m/n on input line 47.
LaTeX Font Info:    ... okay on input line 47.
LaTeX Font Info:    Checking defaults for C50/song/m/n on input line 47.
LaTeX Font Info:    ... okay on input line 47.
LaTeX Font Info:    Checking defaults for C52/song/m/n on input line 47.
LaTeX Font Info:    ... okay on input line 47.
LaTeX Font Info:    Checking defaults for C49/song/m/n on input line 47.
LaTeX Font Info:    ... okay on input line 47.
LaTeX Font Info:    Checking defaults for C60/mj/m/n on input line 47.
LaTeX Font Info:    ... okay on input line 47.
LaTeX Font Info:    Checking defaults for C61/mj/m/n on input line 47.
LaTeX Font Info:    ... okay on input line 47.
LaTeX Font Info:    Checking defaults for C63/mj/m/n on input line 47.
LaTeX Font Info:    ... okay on input line 47.
LaTeX Font Info:    Checking defaults for C64/mj/m/n on input line 47.
LaTeX Font Info:    ... okay on input line 47.
LaTeX Font Info:    Checking defaults for C65/mj/m/n on input line 47.
LaTeX Font Info:    ... okay on input line 47.
LaTeX Font Info:    Checking defaults for C70/song/m/n on input line 47.
LaTeX Font Info:    ... okay on input line 47.
LaTeX Font Info:    Checking defaults for C31/song/m/n on input line 47.
LaTeX Font Info:    ... okay on input line 47.
LaTeX Font Info:    Checking defaults for C32/song/m/n on input line 47.
LaTeX Font Info:    ... okay on input line 47.
LaTeX Font Info:    Checking defaults for C33/song/m/n on input line 47.
LaTeX Font Info:    ... okay on input line 47.
LaTeX Font Info:    Checking defaults for C34/song/m/n on input line 47.
LaTeX Font Info:    ... okay on input line 47.
LaTeX Font Info:    Checking defaults for C35/song/m/n on input line 47.
LaTeX Font Info:    ... okay on input line 47.
LaTeX Font Info:    Checking defaults for C36/song/m/n on input line 47.
LaTeX Font Info:    ... okay on input line 47.
LaTeX Font Info:    Checking defaults for C37/song/m/n on input line 47.
LaTeX Font Info:    ... okay on input line 47.
LaTeX Font Info:    Checking defaults for C80/song/m/n on input line 47.
LaTeX Font Info:    ... okay on input line 47.
LaTeX Font Info:    Checking defaults for C81/song/m/n on input line 47.
LaTeX Font Info:    ... okay on input line 47.
LaTeX Font Info:    Checking defaults for C01/song/m/n on input line 47.
LaTeX Font Info:    ... okay on input line 47.
LaTeX Font Info:    Checking defaults for C11/song/m/n on input line 47.
LaTeX Font Info:    ... okay on input line 47.
LaTeX Font Info:    Checking defaults for C21/song/m/n on input line 47.
LaTeX Font Info:    ... okay on input line 47.
LaTeX Font Info:    Checking defaults for C41/song/m/n on input line 47.
LaTeX Font Info:    ... okay on input line 47.
LaTeX Font Info:    Checking defaults for C62/song/m/n on input line 47.
LaTeX Font Info:    ... okay on input line 47.
 ABD: EverySelectfont initializing macros
LaTeX Info: Redefining \selectfont on input line 47.
Package biblatex Info: Trying to load language 'english'...
Package biblatex Info: ... file 'english.lbx' found.
 (c:/texlive/2021/texmf-dist/tex/latex/biblatex/lbx/english.lbx
File: english.lbx 2020/12/31 v3.16 biblatex localization (PK/MW)
)
Package biblatex Info: Input encoding 'utf8' detected.
Package biblatex Info: Automatic encoding selection.
(biblatex)             Assuming data encoding 'utf8'.
Package biblatex Info: Document encoding is UTF8 ....
Package biblatex Info: ... and expl3
(biblatex)             2021-02-18 L3 programming layer (loader) 
(biblatex)             is new enough (at least 2020/04/06),
(biblatex)             setting 'casechanger=expl3'.
 (c:/texlive/2021/texmf-dist/tex/latex/biblatex/blx-case-expl3.sty
Package: blx-case-expl3 2020/12/31 v3.16 expl3 case changing code for biblatex
)
\openout3 = `pj5.bcf'.

Package biblatex Info: Trying to load bibliographic data...
Package biblatex Info: ... file 'pj5.bbl' not found.

No file pj5.bbl.
Package biblatex Info: Reference section=0 on input line 47.
Package biblatex Info: Reference segment=0 on input line 47.
*geometry* driver: auto-detecting
*geometry* detected driver: pdftex
*geometry* verbose mode - [ preamble ] result:
* driver: pdftex
* paper: a4paper
* layout: <same size as paper>
* layoutoffset:(h,v)=(0.0pt,0.0pt)
* modes: 
* h-part:(L,W,R)=(59.74988pt, 478.00812pt, 59.74988pt)
* v-part:(T,H,B)=(67.60269pt, 676.04005pt, 101.4041pt)
* \paperwidth=597.50787pt
* \paperheight=845.04684pt
* \textwidth=478.00812pt
* \textheight=676.04005pt
* \oddsidemargin=-12.52011pt
* \evensidemargin=-12.52011pt
* \topmargin=-41.6673pt
* \headheight=12.0pt
* \headsep=25.0pt
* \topskip=12.0pt
* \footskip=30.0pt
* \marginparwidth=44.0pt
* \marginparsep=10.0pt
* \columnsep=10.0pt
* \skip\footins=10.8pt plus 4.0pt minus 2.0pt
* \hoffset=0.0pt
* \voffset=0.0pt
* \mag=1000
* \@twocolumnfalse
* \@twosidefalse
* \@mparswitchfalse
* \@reversemarginfalse
* (1in=72.27pt=25.4mm, 1cm=28.453pt)

(c:/texlive/2021/texmf-dist/tex/context/base/mkii/supp-pdf.mkii
[Loading MPS to PDF converter (version 2006.09.02).]
\scratchcounter=\count447
\scratchdimen=\dimen184
\scratchbox=\box63
\nofMPsegments=\count448
\nofMParguments=\count449
\everyMPshowfont=\toks30
\MPscratchCnt=\count450
\MPscratchDim=\dimen185
\MPnumerator=\count451
\makeMPintoPDFobject=\count452
\everyMPtoPDFconversion=\toks31
) (c:/texlive/2021/texmf-dist/tex/latex/epstopdf-pkg/epstopdf-base.sty
Package: epstopdf-base 2020-01-24 v2.11 Base part for package epstopdf
Package epstopdf-base Info: Redefining graphics rule for `.eps' on input line 485.
 (c:/texlive/2021/texmf-dist/tex/latex/latexconfig/epstopdf-sys.cfg
File: epstopdf-sys.cfg 2010/07/13 v1.3 Configuration of (r)epstopdf for TeX Live
)) (c:/texlive/2021/texmf-dist/tex/latex/base/textcomp.sty
Package: textcomp 2020/02/02 v2.0n Standard LaTeX package
)
\c@lstlisting=\count453
Package newfloat Info: `float' package detected.
<fudan.jpg, id=1, 301.125pt x 144.54pt>
File: fudan.jpg Graphic file (type jpg)
<use fudan.jpg>
Package pdftex.def Info: fudan.jpg  used on input line 62.
(pdftex.def)             Requested size: 271.00998pt x 130.08478pt.
<fudan_logo.jpg, id=2, 165.61874pt x 164.86594pt>
File: fudan_logo.jpg Graphic file (type jpg)
<use fudan_logo.jpg>
Package pdftex.def Info: fudan_logo.jpg  used on input line 63.
(pdftex.def)             Requested size: 99.37201pt x 98.9203pt.
LaTeX Font Info:    Trying to load font information for C70+rm on input line 65.
 (c:/texlive/2021/texmf-dist/tex/latex/ctex/fd/c70rm.fd
File: c70rm.fd 2021/03/14 v2.5.6 Chinese font definition (CTEX)
)
Package CJKpunct Info: punctuation spaces for family 'rm' do not exist. Use family 'def' instead. on input line 68.
 [1

{c:/texlive/2021/texmf-var/fonts/map/pdftex/updmap/pdftex.map} <./fudan.jpg> <./fudan_logo.jpg>]
Overfull \hbox (1.5463pt too wide) in paragraph at lines 83--84
[] \C70/rm/m/n/12/8b ˜ æ ° \C70/rm/m/n/12/4e ^^@ * \C70/rm/m/n/12/7a  \C70/rm/m/n/12/5e è|\C70/rm/m/n/12/ff ^^L| \C70/rm/m/n/12/75 ( \C70/rm/m/n/12/54 ^^N ^^Q\OT1/cmr/m/n/12 Euler \C70/rm/m/n/12/6c ’\OT1/cmr/m/n/12 /\C70/rm/m/n/12/68 Ø \C70/rm/m/n/12/5f b \C70/rm/m/n/12/6c ’ B \C70/rm/m/n/12/89 „ \C70/rm/m/n/12/75 5 \C70/rm/m/n/12/8d Ô \C70/rm/m/n/12/7c ˚ \C70/rm/m/n/12/7e ﬂ \C70/rm/m/n/12/76 Ñ\OT1/cmr/m/n/12 MNA \C70/rm/m/n/12/65 π \C70/rm/m/n/12/7a  |\C70/rm/m/n/12/ff ^^H|\C70/rm/m/n/12/8b Â \C70/rm/m/n/12/65 π \C70/rm/m/n/12/7a  \C70/rm/m/n/12/75 1\OT1/cmr/m/n/12 stamp\C70/rm/m/n/12/7a 
 []

LaTeX Font Info:    Trying to load font information for U+msa on input line 84.
(c:/texlive/2021/texmf-dist/tex/latex/amsfonts/umsa.fd
File: umsa.fd 2013/01/14 v3.01 AMS symbols A
)
LaTeX Font Info:    Trying to load font information for U+msb on input line 84.
 (c:/texlive/2021/texmf-dist/tex/latex/amsfonts/umsb.fd
File: umsb.fd 2013/01/14 v3.01 AMS symbols B
)
Overfull \hbox (0.4566pt too wide) in paragraph at lines 107--107
[] \OT1/cmr/m/n/12 Bench-mark\C70/rm/m/n/12/76 Ó \C70/rm/m/n/12/5f U \C70/rm/m/n/12/4e  \C70/rm/m/n/12/63 – \C70/rm/m/n/12/4f õ \C70/rm/m/n/12/4e 	 * \C70/rm/m/n/12/6d K \C70/rm/m/n/12/8b ’ \C70/rm/m/n/12/75 ( \C70/rm/m/n/12/4f ã\OT1/cmr/m/n/12 RLC[]s3.sp|\C70/rm/m/n/12/ff ^^L| \OT1/cmr/m/n/12 bus32bit8seg.sp\C70/rm/m/n/12/4e Â \C70/rm/m/n/12/53  \OT1/cmr/m/n/12 bus8bit8seg.sp|\C70/rm/m/n/12/ff ^^L| \C70/rm/m/n/12/5e v
 []


Overfull \hbox (24.21956pt too wide) in paragraph at lines 107--107
\C70/rm/m/n/12/63 – \C70/rm/m/n/12/4f õ\OT1/cmr/m/n/12 Matlab\C70/rm/m/n/12/4e  \C70/rm/m/n/12/76 Ñ\OT1/cmr/m/n/12 stamp\C70/rm/m/n/12/7a  \C70/rm/m/n/12/5e è \C70/rm/m/n/12/4f õ \C70/rm/m/n/12/67 Ñ \C70/rm/m/n/12/90   \C70/rm/m/n/12/75 5 \C70/rm/m/n/12/8d Ô \C70/rm/m/n/12/77 È \C70/rm/m/n/12/96 5|\C70/rm/m/n/12/30 ^^B| \OT1/cmr/m/n/12 stamp\C70/rm/m/n/12/75 ( \C70/rm/m/n/12/6c ’ \C70/rm/m/n/12/8b ˜ \C70/rm/m/n/12/53 ¬ \C70/rm/m/n/12/80 ^^C\OT1/cmr/m/n/12 Benchmark\C70/rm/m/n/12/76 Ó \C70/rm/m/n/12/5f U \C70/rm/m/n/12/4e  \C70/rm/m/n/12/76 Ñ\OT1/cmr/m/n/12 stamp[]man\C70/rm/m/n/12/65 á
 []


Package fancyhdr Warning: \headheight is too small (12.0pt): 
(fancyhdr)                Make it at least 14.49998pt, for example:
(fancyhdr)                \setlength{\headheight}{14.49998pt}.
(fancyhdr)                You might also make \topmargin smaller to compensate:
(fancyhdr)                \addtolength{\topmargin}{-2.49998pt}.

[1]

Package fancyhdr Warning: \headheight is too small (12.0pt): 
(fancyhdr)                Make it at least 14.49998pt, for example:
(fancyhdr)                \setlength{\headheight}{14.49998pt}.
(fancyhdr)                You might also make \topmargin smaller to compensate:
(fancyhdr)                \addtolength{\topmargin}{-2.49998pt}.

[2]

Package fancyhdr Warning: \headheight is too small (12.0pt): 
(fancyhdr)                Make it at least 14.49998pt, for example:
(fancyhdr)                \setlength{\headheight}{14.49998pt}.
(fancyhdr)                You might also make \topmargin smaller to compensate:
(fancyhdr)                \addtolength{\topmargin}{-2.49998pt}.

[3]

Package fancyhdr Warning: \headheight is too small (12.0pt): 
(fancyhdr)                Make it at least 14.49998pt, for example:
(fancyhdr)                \setlength{\headheight}{14.49998pt}.
(fancyhdr)                You might also make \topmargin smaller to compensate:
(fancyhdr)                \addtolength{\topmargin}{-2.49998pt}.

[4]
./pj5.tex:231: Undefined control sequence.
l.231 ...ü©ÈòµÊ≠£‰∫§ÔºåÂç≥$(Mw_i)^T(Mw_j)=0(i\neqj
                                                  )$Êó∂ÊÆãÂ∑ÆÁöÑ2ËåÉÊï∞ÂæàÂÆ...
The control sequence at the end of the top line
of your error message was never \def'ed. If you have
misspelled it (e.g., `\hobx'), type `I' and the correct
spelling (e.g., `I\hbox'). Otherwise just continue,
and I'll forget about whatever was undefined.


Overfull \hbox (6.29515pt too wide) in paragraph at lines 230--232
 \C70/rm/m/n/12/76 Ó \C70/rm/m/n/12/68 ^^G \C70/rm/m/n/12/66 / \C70/rm/m/n/12/67 ^^@ \C70/rm/m/n/12/5c ^^O \C70/rm/m/n/12/53 ^^V \C70/rm/m/n/12/6b ã \C70/rm/m/n/12/5d Ó \C70/rm/m/n/12/76 Ñ\OT1/cmr/m/n/12 2\C70/rm/m/n/12/83 ^^C \C70/rm/m/n/12/65 p\OT1/cmr/m/n/12 ,\C70/rm/m/n/12/5f S \C70/rm/m/n/12/67 Ñ \C70/rm/m/n/12/62 ^^P$\OML/cmm/m/it/12 x$\C70/rm/m/n/12/76 Ñ \C70/rm/m/n/12/57 ˙ \C70/rm/m/n/12/54 ^^Q \C70/rm/m/n/12/91 œ \C70/rm/m/n/12/51 s \C70/rm/m/n/12/4e é$\OML/cmm/m/it/12 M$\C70/rm/m/n/12/77 È \C70/rm/m/n/12/96 5 \C70/rm/m/n/12/6b c \C70/rm/m/n/12/4e §|\C70/rm/m/n/12/ff ^^L| \C70/rm/m/n/12/53 s$\OT1/cmr/m/n/12 (\OML/cmm/m/it/12 Mw[]\OT1/cmr/m/n/12 )[](\OML/cmm/m/it/12 Mw[]\OT1/cmr/m/n/12 ) = 0(\OML/cmm/m/it/12 i\OT1/cmr/m/n/12 )$\C70/rm/m/n/12/65 ˆ
 []


Package fancyhdr Warning: \headheight is too small (12.0pt): 
(fancyhdr)                Make it at least 14.49998pt, for example:
(fancyhdr)                \setlength{\headheight}{14.49998pt}.
(fancyhdr)                You might also make \topmargin smaller to compensate:
(fancyhdr)                \addtolength{\topmargin}{-2.49998pt}.

[5]
./pj5.tex:270: Missing $ inserted.
<inserted text> 
                $
l.270 ...tepNum,errorThres)$.ÂÖ∂‰∏≠caseNameÔºàRCL_
                                                  s3,RCL_p3,bus8bit8seg,bus3...
I've inserted a begin-math/end-math symbol since I think
you left one out. Proceed, with fingers crossed.

./pj5.tex:271: Missing $ inserted.
<inserted text> 
                $
l.271 
      
I've inserted a begin-math/end-math symbol since I think
you left one out. Proceed, with fingers crossed.

Missing character: There is no ˘ in font cmr12!
Missing character: There is no é in font cmr12!
Missing character: There is no ’ in font cmr12!
Missing character: There is no ã in font cmr12!
Missing character: There is no Æ in font cmr12!
Missing character: There is no π in font cmr12!
Missing character: There is no „ in font cmr12!
Missing character: There is no π in font cmr12!
Missing character: There is no ’ in font cmr12!
Missing character: There is no … in font cmr12!
Missing character: There is no å in font cmr12!
Missing character: There is no Ø in font cmr12!
Missing character: There is no ’ in font cmr12!
Missing character: There is no Â in font cmr12!
Missing character: There is no   in font cmr12!
Missing character: There is no ø in font cmr12!
Missing character: There is no π in font cmr12!
Missing character: There is no „ in font cmr12!
Missing character: There is no π in font cmr12!
Missing character: There is no ’ in font cmr12!
Missing character: There is no å in font cmr12!
Missing character: There is no ∞ in font cmr12!
Missing character: There is no ˇ in font cmr12!
Missing character: There is no ” in font cmr12!
Missing character: There is no ú in font cmr12!
Missing character: There is no Ñ in font cmr12!
Missing character: There is no ˆ in font cmr12!
Missing character: There is no Ù in font cmr12!
Missing character: There is no Ù in font cmr12!
Missing character: There is no Ÿ in font cmr12!
Missing character: There is no Ù in font cmr12!
Missing character: There is no Ñ in font cmr12!
Missing character: There is no « in font cmr12!
Missing character: There is no Ô in font cmr12!
Missing character: There is no Ó in font cmr12!
Missing character: There is no Ÿ in font cmr12!
Missing character: There is no ˙ in font cmr12!
Missing character: There is no – in font cmr12!
Missing character: There is no ã in font cmr12!

Overfull \hbox (255.53215pt too wide) in paragraph at lines 270--271
\C70/rm/m/n/12/7a  \C70/rm/m/n/12/90 ˝ \C70/rm/m/n/12/62 S \C70/rm/m/n/12/53 ^^E \C70/rm/m/n/12/57 (\OT1/cmr/m/n/12 main\C70/rm/m/n/12/51 ˝ \C70/rm/m/n/12/65 p \C70/rm/m/n/12/4e -|\C70/rm/m/n/12/ff ^^L| \OT1/cmr/m/n/12 main\C70/rm/m/n/12/51 ˝ \C70/rm/m/n/12/65 p \C70/rm/m/n/12/76 Ñ \C70/rm/m/n/12/63 • \C70/rm/m/n/12/53 „ \C70/rm/m/n/12/4e :$\OML/cmm/m/it/12 main\OT1/cmr/m/n/12 (\OML/cmm/m/it/12 caseName; methodName; algorithmName; startTime; endTime; stepNum; errorThres\OT1/cmr/m/n/12 )$.\C70/rm/m/n/12/51 v
 []


Overfull \hbox (618.4387pt too wide) in paragraph at lines 270--271
\C70/rm/m/n/12/4e -\OT1/cmr/m/n/12 caseName |\C70/rm/m/n/12/ff ^^H|\OT1/cmr/m/n/12 RCL$[]3\OML/cmm/m/it/12 ; RCL[]\OT1/cmr/m/n/12 3\OML/cmm/m/it/12 ; bus\OT1/cmr/m/n/12 8\OML/cmm/m/it/12 bit\OT1/cmr/m/n/12 8\OML/cmm/m/it/12 seg; bus\OT1/cmr/m/n/12 32\OML/cmm/m/it/12 seg\OT1/cmr/m/n/12 16[]\OML/cmm/m/it/12 ; methodName[]BE[]TR[]; algorithmName[]SOR[]GCR[][][][][][][][][][][][][][][][][][][][][][][][][][][][][][][][][][][][][][][][][][]startTime[]endTime[][][][][][][][][][][][][]stepNum[][][][][][][][][][]errorThres[][][][][][][][][][][][][][][][][]$ 
 []


Package fancyhdr Warning: \headheight is too small (12.0pt): 
(fancyhdr)                Make it at least 14.49998pt, for example:
(fancyhdr)                \setlength{\headheight}{14.49998pt}.
(fancyhdr)                You might also make \topmargin smaller to compensate:
(fancyhdr)                \addtolength{\topmargin}{-2.49998pt}.

[6]

Package fancyhdr Warning: \headheight is too small (12.0pt): 
(fancyhdr)                Make it at least 14.49998pt, for example:
(fancyhdr)                \setlength{\headheight}{14.49998pt}.
(fancyhdr)                You might also make \topmargin smaller to compensate:
(fancyhdr)                \addtolength{\topmargin}{-2.49998pt}.

[7] (./pj5.aux)
./pj5.tex:308: Undefined control sequence.
\@gtempa ...\ifnum \@ne =\@ne \fi \ifminted@draft 
                                                  \relax \TE@setvaltrue \els...
l.308 \end{document}
                    
The control sequence at the end of the top line
of your error message was never \def'ed. If you have
misspelled it (e.g., `\hobx'), type `I' and the correct
spelling (e.g., `I\hbox'). Otherwise just continue,
and I'll forget about whatever was undefined.

./pj5.tex:308: Extra \fi.
\@gtempa ...E@setvalfalse \fi \TE@negatefalse \fi 
                                                  
l.308 \end{document}
                    
I'm ignoring this; it doesn't match any \if.

Package logreq Info: Writing requests to 'pj5.run.xml'.
\openout1 = `pj5.run.xml'.

 ) 
Here is how much of TeX's memory you used:
 19352 strings out of 480834
 345037 string characters out of 5904201
 1096472 words of memory out of 5000000
 36030 multiletter control sequences out of 15000+600000
 448923 words of font info for 197 fonts, out of 8000000 for 9000
 62 hyphenation exceptions out of 8191
 87i,12n,90p,732b,759s stack positions out of 5000i,500n,10000p,200000b,80000s

!pdfTeX error: pdflatex.exe (file unihei88): Font unihei88 at 864 not found
 ==> Fatal error occurred, no output PDF file produced!
