Input filename: bus8bit8seg.sp

Node number: 170

Auxilliary number: 80

Component number: 945

Input number: 1

Output number: 16

Node names: 
0(0)	TDN1A1(1)	TDN1A10X1(44)	TDN1A11X1(45)	TDN1A12X1(46)	
TDN1A13X1(47)	TDN1A14X1(48)	TDN1A15X1(49)	TDN1A16X1(50)	TDN1A2X1(36)	
TDN1A3X1(37)	TDN1A4X1(38)	TDN1A5X1(39)	TDN1A6X1(40)	TDN1A7X1(41)	
TDN1A8X1(42)	TDN1A9(13)	TDN1A9X1(43)	TDN2A1(2)	TDN2A10X1(59)	
TDN2A11X1(60)	TDN2A12X1(61)	TDN2A13X1(62)	TDN2A14X1(63)	TDN2A15X1(64)	
TDN2A16X1(65)	TDN2A2X1(51)	TDN2A3X1(52)	TDN2A4X1(53)	TDN2A5X1(54)	
TDN2A6X1(55)	TDN2A7X1(56)	TDN2A8X1(57)	TDN2A9(14)	TDN2A9X1(58)	
TDN3A1(3)	TDN3A10X1(74)	TDN3A11X1(75)	TDN3A12X1(76)	TDN3A13X1(77)	
TDN3A14X1(78)	TDN3A15X1(79)	TDN3A16X1(80)	TDN3A2X1(66)	TDN3A3X1(67)	
TDN3A4X1(68)	TDN3A5X1(69)	TDN3A6X1(70)	TDN3A7X1(71)	TDN3A8X1(72)	
TDN3A9(15)	TDN3A9X1(73)	TDN4A1(4)	TDN4A10X1(89)	TDN4A11X1(90)	
TDN4A12X1(91)	TDN4A13X1(92)	TDN4A14X1(93)	TDN4A15X1(94)	TDN4A16X1(95)	
TDN4A2X1(81)	TDN4A3X1(82)	TDN4A4X1(83)	TDN4A5X1(84)	TDN4A6X1(85)	
TDN4A7X1(86)	TDN4A8X1(87)	TDN4A9(16)	TDN4A9X1(88)	TDN5A1(5)	
TDN5A10X1(104)	TDN5A11X1(105)	TDN5A12X1(106)	TDN5A13X1(107)	TDN5A14X1(108)	
TDN5A15X1(109)	TDN5A16X1(110)	TDN5A2X1(96)	TDN5A3X1(97)	TDN5A4X1(98)	
TDN5A5X1(99)	TDN5A6X1(100)	TDN5A7X1(101)	TDN5A8X1(102)	TDN5A9(17)	
TDN5A9X1(103)	TDN6A1(6)	TDN6A10X1(119)	TDN6A11X1(120)	TDN6A12X1(121)	
TDN6A13X1(122)	TDN6A14X1(123)	TDN6A15X1(124)	TDN6A16X1(125)	TDN6A2X1(111)	
TDN6A3X1(112)	TDN6A4X1(113)	TDN6A5X1(114)	TDN6A6X1(115)	TDN6A7X1(116)	
TDN6A8X1(117)	TDN6A9(18)	TDN6A9X1(118)	TDN7A1(7)	TDN7A10X1(134)	
TDN7A11X1(135)	TDN7A12X1(136)	TDN7A13X1(137)	TDN7A14X1(138)	TDN7A15X1(139)	
TDN7A16X1(140)	TDN7A2X1(126)	TDN7A3X1(127)	TDN7A4X1(128)	TDN7A5X1(129)	
TDN7A6X1(130)	TDN7A7X1(131)	TDN7A8X1(132)	TDN7A9(19)	TDN7A9X1(133)	
TDN8A1(8)	TDN8A10X1(149)	TDN8A11X1(150)	TDN8A12X1(151)	TDN8A13X1(152)	
TDN8A14X1(153)	TDN8A15X1(154)	TDN8A16X1(155)	TDN8A2X1(141)	TDN8A3X1(142)	
TDN8A4X1(143)	TDN8A5X1(144)	TDN8A6X1(145)	TDN8A7X1(146)	TDN8A8X1(147)	
TDN8A9(20)	TDN8A9X1(148)	TDNGA1(9)	TDNGA10X1(29)	TDNGA11X1(30)	
TDNGA12X1(31)	TDNGA13X1(32)	TDNGA14X1(33)	TDNGA15X1(34)	TDNGA16X1(35)	
TDNGA2X1(21)	TDNGA3X1(22)	TDNGA4X1(23)	TDNGA5X1(24)	TDNGA6X1(25)	
TDNGA7X1(26)	TDNGA8X1(27)	TDNGA9(11)	TDNGA9X1(28)	TDNVA1(10)	
TDNVA10X1(164)	TDNVA11X1(165)	TDNVA12X1(166)	TDNVA13X1(167)	TDNVA14X1(168)	
TDNVA15X1(169)	TDNVA16X1(170)	TDNVA2X1(156)	TDNVA3X1(157)	TDNVA4X1(158)	
TDNVA5X1(159)	TDNVA6X1(160)	TDNVA7X1(161)	TDNVA8X1(162)	TDNVA9(12)	
TDNVA9X1(163)	

Auxilliary current names: 
LN1A1X1(9)	LN1A2X1(10)	LN1A3X1(11)	LN1A4X1(12)	LN1A5X1(13)	
LN1A6X1(14)	LN1A7X1(15)	LN1A8X1(16)	LN2A1X1(17)	LN2A2X1(18)	
LN2A3X1(19)	LN2A4X1(20)	LN2A5X1(21)	LN2A6X1(22)	LN2A7X1(23)	
LN2A8X1(24)	LN3A1X1(25)	LN3A2X1(26)	LN3A3X1(27)	LN3A4X1(28)	
LN3A5X1(29)	LN3A6X1(30)	LN3A7X1(31)	LN3A8X1(32)	LN4A1X1(33)	
LN4A2X1(34)	LN4A3X1(35)	LN4A4X1(36)	LN4A5X1(37)	LN4A6X1(38)	
LN4A7X1(39)	LN4A8X1(40)	LN5A1X1(41)	LN5A2X1(42)	LN5A3X1(43)	
LN5A4X1(44)	LN5A5X1(45)	LN5A6X1(46)	LN5A7X1(47)	LN5A8X1(48)	
LN6A1X1(49)	LN6A2X1(50)	LN6A3X1(51)	LN6A4X1(52)	LN6A5X1(53)	
LN6A6X1(54)	LN6A7X1(55)	LN6A8X1(56)	LN7A1X1(57)	LN7A2X1(58)	
LN7A3X1(59)	LN7A4X1(60)	LN7A5X1(61)	LN7A6X1(62)	LN7A7X1(63)	
LN7A8X1(64)	LN8A1X1(65)	LN8A2X1(66)	LN8A3X1(67)	LN8A4X1(68)	
LN8A5X1(69)	LN8A6X1(70)	LN8A7X1(71)	LN8A8X1(72)	LNGA1X1(1)	
LNGA2X1(2)	LNGA3X1(3)	LNGA4X1(4)	LNGA5X1(5)	LNGA6X1(6)	
LNGA7X1(7)	LNGA8X1(8)	LNVA1X1(73)	LNVA2X1(74)	LNVA3X1(75)	
LNVA4X1(76)	LNVA5X1(77)	LNVA6X1(78)	LNVA7X1(79)	LNVA8X1(80)	


Input current sources: 
IIN1	

Input voltage sources: 


Output nodes: 
TDN1A9	TDN2A9	TDN3A9	TDN4A9	TDN5A9	
TDN6A9	TDN7A9	TDN8A9	TDN8A1	TDN7A1	
TDN6A1	TDN5A1	TDN4A1	TDN3A1	TDN2A1	
TDN1A1	

